<?xml version="1.0" encoding="UTF-8"?>
<!-- Generated by org.testng.reporters.JUnitReportReporter -->
<testsuite skipped="0" hostname="BLT1213" name="gradle_demo.sample_gradle" tests="1" failures="0" timestamp="2020-02-20T11:32:31 IST" time="47.988" errors="0">
  <testcase name="sample" time="47.988" classname="gradle_demo.sample_gradle"/>
  <system-out/>
</testsuite> <!-- gradle_demo.sample_gradle -->
